app/build/intermediates/manifest_merge_blame_file/debug/manifest-merger-blame-debug-report.txt
1<?xml version="1.0" encoding="utf-8"?>
2<manifest xmlns:android="http://schemas.android.com/apk/res/android"
3    package="com.smart.admin.sensors"
4    android:versionCode="1"
5    android:versionName="1.0" >
6
7    <uses-sdk
8        android:minSdkVersion="16"
8-->src\main\AndroidManifest.xml
9        android:targetSdkVersion="29" />
9-->src\main\AndroidManifest.xml
10
11    <!-- Although the *SdkVersion is captured in gradle build files, this is required for non gradle builds -->
12    <!-- <uses-sdk android:minSdkVersion="14"/> -->
13    <uses-permission android:name="android.permission.ACCESS_NETWORK_STATE" />
13-->[com.google.firebase:firebase-database:19.2.0] AndroidManifest.xml:25:5-79
13-->[com.google.firebase:firebase-database:19.2.0] AndroidManifest.xml:25:22-76
14    <uses-permission android:name="android.permission.INTERNET" />
14-->[com.google.firebase:firebase-database:19.2.0] AndroidManifest.xml:26:5-67
14-->[com.google.firebase:firebase-database:19.2.0] AndroidManifest.xml:26:22-64
15
16    <application
16-->src\main\AndroidManifest.xml:5:5-19:19
17        android:allowBackup="true"
17-->src\main\AndroidManifest.xml:6:9-35
18        android:appComponentFactory="androidx.core.app.CoreComponentFactory"
18-->[androidx.core:core:1.1.0] AndroidManifest.xml:24:18-86
19        android:debuggable="true"
20        android:icon="@mipmap/ic_launcher"
20-->src\main\AndroidManifest.xml:7:9-43
21        android:label="@string/app_name"
21-->src\main\AndroidManifest.xml:8:9-41
22        android:roundIcon="@mipmap/ic_launcher_round"
22-->src\main\AndroidManifest.xml:9:9-54
23        android:supportsRtl="true"
23-->src\main\AndroidManifest.xml:10:9-35
24        android:theme="@style/AppTheme" >
24-->src\main\AndroidManifest.xml:11:9-40
25        <activity android:name="com.smart.admin.sensors.MainActivity" >
25-->src\main\AndroidManifest.xml:12:9-18:20
25-->src\main\AndroidManifest.xml:12:19-47
26            <intent-filter>
26-->src\main\AndroidManifest.xml:13:13-17:29
27                <action android:name="android.intent.action.MAIN" />
27-->src\main\AndroidManifest.xml:14:17-69
27-->src\main\AndroidManifest.xml:14:25-66
28
29                <category android:name="android.intent.category.LAUNCHER" />
29-->src\main\AndroidManifest.xml:16:17-77
29-->src\main\AndroidManifest.xml:16:27-74
30            </intent-filter>
31        </activity>
32
33        <service
33-->[com.google.firebase:firebase-database:19.2.0] AndroidManifest.xml:29:9-35:19
34            android:name="com.google.firebase.components.ComponentDiscoveryService"
34-->[com.google.firebase:firebase-database:19.2.0] AndroidManifest.xml:30:13-84
35            android:directBootAware="true"
35-->[com.google.firebase:firebase-common:19.2.0] AndroidManifest.xml:15:13-43
36            android:exported="false" >
36-->[com.google.firebase:firebase-database:19.2.0] AndroidManifest.xml:31:13-37
37            <meta-data
37-->[com.google.firebase:firebase-database:19.2.0] AndroidManifest.xml:32:13-34:85
38                android:name="com.google.firebase.components:com.google.firebase.database.DatabaseRegistrar"
38-->[com.google.firebase:firebase-database:19.2.0] AndroidManifest.xml:33:17-109
39                android:value="com.google.firebase.components.ComponentRegistrar" />
39-->[com.google.firebase:firebase-database:19.2.0] AndroidManifest.xml:34:17-82
40        </service>
41
42        <activity
42-->[com.google.android.gms:play-services-base:17.0.0] AndroidManifest.xml:23:9-26:75
43            android:name="com.google.android.gms.common.api.GoogleApiActivity"
43-->[com.google.android.gms:play-services-base:17.0.0] AndroidManifest.xml:24:13-79
44            android:exported="false"
44-->[com.google.android.gms:play-services-base:17.0.0] AndroidManifest.xml:25:13-37
45            android:theme="@android:style/Theme.Translucent.NoTitleBar" />
45-->[com.google.android.gms:play-services-base:17.0.0] AndroidManifest.xml:26:13-72
46
47        <provider
47-->[com.google.firebase:firebase-common:19.2.0] AndroidManifest.xml:19:9-23:39
48            android:name="com.google.firebase.provider.FirebaseInitProvider"
48-->[com.google.firebase:firebase-common:19.2.0] AndroidManifest.xml:20:13-77
49            android:authorities="com.smart.admin.sensors.firebaseinitprovider"
49-->[com.google.firebase:firebase-common:19.2.0] AndroidManifest.xml:21:13-72
50            android:exported="false"
50-->[com.google.firebase:firebase-common:19.2.0] AndroidManifest.xml:22:13-37
51            android:initOrder="100" />
51-->[com.google.firebase:firebase-common:19.2.0] AndroidManifest.xml:23:13-36
52
53        <meta-data
53-->[com.google.android.gms:play-services-basement:17.0.0] AndroidManifest.xml:23:9-25:69
54            android:name="com.google.android.gms.version"
54-->[com.google.android.gms:play-services-basement:17.0.0] AndroidManifest.xml:24:13-58
55            android:value="@integer/google_play_services_version" />
55-->[com.google.android.gms:play-services-basement:17.0.0] AndroidManifest.xml:25:13-66
56    </application>
57
58</manifest>